2012-12-17 14:07:05,625 INFO  Ready and listening 
2012-12-17 15:10:16,655 INFO  Ready and listening 
2012-12-17 15:17:29,765 INFO  Ready and listening 
2012-12-17 15:26:23,155 INFO  Ready and listening 
2012-12-17 15:26:58,265 INFO  Ready and listening 
2012-12-17 15:31:57,108 INFO  Ready and listening 
2012-12-17 15:36:46,437 INFO  Ready and listening 
2012-12-17 15:42:09,250 INFO  Ready and listening 
2012-12-17 15:45:47,921 INFO  Ready and listening 
2012-12-17 15:46:39,671 INFO  Ready and listening 
2012-12-17 15:51:47,203 INFO  Ready and listening 
2012-12-17 15:59:18,983 INFO  Ready and listening 
2012-12-17 16:11:58,530 INFO  Ready and listening 
2012-12-17 16:59:42,578 INFO  Ready and listening 
2012-12-17 17:00:06,640 INFO  Ready and listening 
2012-12-18 10:48:22,140 INFO  Ready and listening 
2012-12-18 10:49:30,405 INFO  Ready and listening 
2012-12-18 10:54:54,015 INFO  Ready and listening 
2012-12-18 11:00:20,062 INFO  Ready and listening 
2012-12-18 11:00:52,233 INFO  Ready and listening 
2012-12-18 11:24:20,140 INFO  Ready and listening 
2012-12-18 11:43:03,000 INFO  Ready and listening 
2012-12-18 11:51:58,812 INFO  Ready and listening 
2012-12-18 12:01:17,750 INFO  Ready and listening 
2012-12-18 12:03:53,983 INFO  Ready and listening 
2012-12-18 12:05:04,250 INFO  Ready and listening 
2012-12-18 13:01:55,890 INFO  Ready and listening 
2012-12-18 13:05:33,905 INFO  Ready and listening 
2012-12-18 13:08:09,796 INFO  Ready and listening 
2012-12-18 13:08:38,983 INFO  Ready and listening 
2012-12-18 13:10:01,905 INFO  Ready and listening 
2012-12-18 13:12:37,187 INFO  Ready and listening 
2012-12-18 13:14:19,530 INFO  Ready and listening 
2012-12-18 13:17:03,750 INFO  Ready and listening 
2012-12-18 13:21:53,842 INFO  Ready and listening 
2012-12-18 13:22:43,842 INFO  Ready and listening 
2012-12-18 13:23:55,405 INFO  Ready and listening 
2012-12-18 13:29:56,733 INFO  Ready and listening 
2012-12-20 11:12:35,125 INFO  Ready and listening 
2012-12-24 11:53:12,546 INFO  Ready and listening 
2012-12-24 13:51:51,703 INFO  Ready and listening 
2012-12-24 15:55:21,765 INFO  Ready and listening 
2012-12-24 16:40:06,733 INFO  Ready and listening 
2013-02-22 11:15:19,717 INFO  Ready and listening 
2013-02-25 09:33:03,733 INFO  Ready and listening 
2013-02-25 09:51:00,312 INFO  Ready and listening 
2013-02-25 11:43:47,858 INFO  Ready and listening 
2013-02-25 11:56:13,108 INFO  Ready and listening 
2013-02-25 11:59:56,703 INFO  Ready and listening 
2013-02-25 12:00:13,530 INFO  Ready and listening 
2013-02-25 12:02:54,358 INFO  Ready and listening 
2013-02-26 15:12:48,453 INFO  Ready and listening 
2013-02-26 15:19:00,467 INFO  Ready and listening 
2013-02-26 17:35:56,905 INFO  Ready and listening 
2013-02-26 17:39:21,187 INFO  Ready and listening 
2013-02-26 17:48:14,000 INFO  Ready and listening 
2013-02-26 17:53:34,578 INFO  Ready and listening 
2013-02-26 17:56:34,812 INFO  Ready and listening 
2013-02-26 18:00:23,515 INFO  Ready and listening 
2013-02-26 18:03:18,375 INFO  Ready and listening 
2013-02-26 18:08:30,937 INFO  Ready and listening 
2013-02-26 18:10:04,750 INFO  Ready and listening 
2013-02-26 18:14:43,108 INFO  Ready and listening 
2013-02-26 18:20:30,375 INFO  Ready and listening 
2013-02-27 10:23:09,171 INFO  Ready and listening 
2013-02-27 13:56:17,890 INFO  Ready and listening 
2013-02-27 14:03:18,203 INFO  Ready and listening 
2013-02-27 14:05:01,717 INFO  Ready and listening 
2013-02-27 14:10:18,217 INFO  Ready and listening 
2013-02-27 14:11:23,280 INFO  Ready and listening 
2013-02-27 14:11:30,858 INFO  {"response_code": "1748"} 
2013-02-27 14:13:37,046 INFO  Ready and listening 
2013-02-27 14:13:51,796 INFO  {"response_code": "1748"} 
2013-02-27 14:14:56,515 INFO  {"response_code": "1748"} 
2013-02-27 14:15:30,546 INFO  {"response_code": "1748"} 
2013-02-27 14:36:25,078 INFO  Ready and listening 
2013-02-27 14:36:36,717 INFO  {"response_code": "250"} 
2013-02-27 14:42:09,171 INFO  {"response_code": "250"} 
2013-02-27 14:45:24,592 INFO  Ready and listening 
2013-02-27 15:43:06,640 INFO  Ready and listening 
2013-02-27 15:50:17,592 INFO  Ready and listening 
2013-02-27 15:51:18,250 INFO  Ready and listening 
2013-02-27 15:51:54,265 INFO  Ready and listening 
2013-02-27 15:52:01,140 INFO  Ready and listening 
2013-02-27 15:53:56,250 INFO  Ready and listening 
2013-02-27 15:55:53,828 INFO  Ready and listening 
2013-02-27 16:00:15,967 INFO  Ready and listening 
2013-02-27 16:00:51,030 INFO  Ready and listening 
2013-02-27 16:01:33,030 INFO  Ready and listening 
2013-02-27 16:02:37,203 INFO  Ready and listening 
2013-02-27 16:05:19,562 INFO  Ready and listening 
2013-02-27 16:05:35,046 INFO  Ready and listening 
2013-02-27 16:06:05,265 INFO  Ready and listening 
2013-02-27 16:36:49,108 INFO  Ready and listening 
2013-02-27 16:40:33,578 INFO  Ready and listening 
2013-02-27 16:41:41,092 INFO  Ready and listening 
2013-02-27 16:44:42,608 INFO  Ready and listening 
2013-02-27 16:45:00,342 INFO 2013-02-27 16:45:00.343000 set_bandwidth_job start at  
2013-02-27 16:45:00,405 INFO  请异步发送 
2013-02-27 16:45:17,092 INFO  Ready and listening 
2013-02-27 16:47:04,983 INFO  Ready and listening 
2013-02-27 17:00:00,390 INFO 2013-02-27 17:00:00.390000 set_bandwidth_job start at  
2013-02-27 17:00:00,437 INFO  请异步发送 
2013-02-27 17:15:00,390 INFO 2013-02-27 17:15:00.390000 set_bandwidth_job start at  
2013-02-27 17:15:00,421 INFO  请异步发送 
2013-02-27 17:21:04,483 INFO  Ready and listening 
2013-02-27 17:23:24,280 INFO  Ready and listening 
2013-02-27 17:30:00,108 INFO 2013-02-27 17:30:00.093000 set_bandwidth_job start at  
2013-02-27 17:30:00,125 INFO  请异步发送 
2013-02-27 18:15:00,671 INFO 2013-02-27 18:15:00.578000 set_bandwidth_job start at  
2013-02-27 18:15:06,171 INFO  请异步发送 
2013-02-27 18:30:00,030 INFO 2013-02-27 18:30:00.031000 set_bandwidth_job start at  
2013-02-27 18:30:00,062 INFO  请异步发送 
2013-02-27 18:45:00,030 INFO 2013-02-27 18:45:00.031000 set_bandwidth_job start at  
2013-02-27 18:45:00,046 INFO  请异步发送 
2013-02-27 19:00:00,000 INFO 2013-02-27 19:00:00 set_bandwidth_job start at  
2013-02-27 19:00:00,030 INFO  请异步发送 
2013-02-27 19:15:00,000 INFO 2013-02-27 19:15:00 set_bandwidth_job start at  
2013-02-27 19:15:00,015 INFO  请异步发送 
2013-02-27 19:30:00,000 INFO 2013-02-27 19:30:00 set_bandwidth_job start at  
2013-02-27 19:30:02,967 INFO  请异步发送 
2013-02-27 19:45:00,000 INFO 2013-02-27 19:45:00 set_bandwidth_job start at  
2013-02-27 19:45:00,015 INFO  请异步发送 
2013-02-27 20:00:00,000 INFO 2013-02-27 20:00:00 set_bandwidth_job start at  
2013-02-27 20:00:00,015 INFO  请异步发送 
2013-02-27 20:15:00,000 INFO 2013-02-27 20:15:00 set_bandwidth_job start at  
2013-02-27 20:15:00,030 INFO  请异步发送 
2013-02-27 20:30:00,015 INFO 2013-02-27 20:30:00.015000 set_bandwidth_job start at  
2013-02-27 20:30:00,030 INFO  请异步发送 
2013-02-27 20:45:00,030 INFO 2013-02-27 20:45:00.031000 set_bandwidth_job start at  
2013-02-27 20:45:00,046 INFO  请异步发送 
2013-02-27 21:00:00,030 INFO 2013-02-27 21:00:00.031000 set_bandwidth_job start at  
2013-02-27 21:00:00,046 INFO  请异步发送 
2013-02-27 21:15:00,015 INFO 2013-02-27 21:15:00.015000 set_bandwidth_job start at  
2013-02-27 21:15:00,030 INFO  请异步发送 
2013-02-27 21:30:00,015 INFO 2013-02-27 21:30:00.015000 set_bandwidth_job start at  
2013-02-27 21:30:00,078 INFO  请异步发送 
2013-02-27 21:45:00,000 INFO 2013-02-27 21:45:00 set_bandwidth_job start at  
2013-02-27 21:45:00,015 INFO  请异步发送 
2013-02-27 22:00:00,015 INFO 2013-02-27 22:00:00.015000 set_bandwidth_job start at  
2013-02-27 22:00:00,030 INFO  请异步发送 
2013-02-27 22:15:00,015 INFO 2013-02-27 22:15:00.015000 set_bandwidth_job start at  
2013-02-27 22:15:00,046 INFO  请异步发送 
2013-02-27 22:30:00,000 INFO 2013-02-27 22:30:00 set_bandwidth_job start at  
2013-02-27 22:30:00,030 INFO  请异步发送 
2013-02-27 22:45:00,015 INFO 2013-02-27 22:45:00.015000 set_bandwidth_job start at  
2013-02-27 22:45:00,046 INFO  请异步发送 
2013-02-27 23:00:00,030 INFO 2013-02-27 23:00:00.031000 set_bandwidth_job start at  
2013-02-27 23:00:00,046 INFO  请异步发送 
2013-02-27 23:15:00,030 INFO 2013-02-27 23:15:00.031000 set_bandwidth_job start at  
2013-02-27 23:15:00,046 INFO  请异步发送 
2013-02-27 23:30:00,000 INFO 2013-02-27 23:30:00 set_bandwidth_job start at  
2013-02-27 23:30:00,030 INFO  请异步发送 
2013-02-27 23:45:00,000 INFO 2013-02-27 23:45:00 set_bandwidth_job start at  
2013-02-27 23:45:00,030 INFO  请异步发送 
2013-02-28 00:00:00,000 INFO 2013-02-28 00:00:00 set_bandwidth_job start at  
2013-02-28 00:00:00,015 INFO  请异步发送 
2013-02-28 00:15:00,015 INFO 2013-02-28 00:15:00.015000 set_bandwidth_job start at  
2013-02-28 00:15:00,030 INFO  请异步发送 
2013-02-28 00:30:00,030 INFO 2013-02-28 00:30:00.031000 set_bandwidth_job start at  
2013-02-28 00:30:00,092 INFO  请异步发送 
2013-02-28 00:45:00,030 INFO 2013-02-28 00:45:00.031000 set_bandwidth_job start at  
2013-02-28 00:45:00,092 INFO  请异步发送 
2013-02-28 01:00:00,015 INFO 2013-02-28 01:00:00.015000 set_bandwidth_job start at  
2013-02-28 01:00:00,030 INFO  请异步发送 
2013-02-28 01:15:00,000 INFO 2013-02-28 01:15:00 set_bandwidth_job start at  
2013-02-28 01:15:00,015 INFO  请异步发送 
2013-02-28 01:30:00,000 INFO 2013-02-28 01:30:00 set_bandwidth_job start at  
2013-02-28 01:30:00,062 INFO  请异步发送 
2013-02-28 01:45:00,000 INFO 2013-02-28 01:45:00 set_bandwidth_job start at  
2013-02-28 01:45:00,015 INFO  请异步发送 
2013-02-28 02:00:00,000 INFO 2013-02-28 02:00:00 set_bandwidth_job start at  
2013-02-28 02:00:00,015 INFO  请异步发送 
2013-02-28 02:15:00,015 INFO 2013-02-28 02:15:00.015000 set_bandwidth_job start at  
2013-02-28 02:15:00,030 INFO  请异步发送 
2013-02-28 02:30:00,015 INFO 2013-02-28 02:30:00.015000 set_bandwidth_job start at  
2013-02-28 02:30:00,030 INFO  请异步发送 
2013-02-28 02:45:00,000 INFO 2013-02-28 02:45:00 set_bandwidth_job start at  
2013-02-28 02:45:00,015 INFO  请异步发送 
2013-02-28 03:00:00,015 INFO 2013-02-28 03:00:00.015000 set_bandwidth_job start at  
2013-02-28 03:00:00,030 INFO  请异步发送 
2013-02-28 03:15:00,015 INFO 2013-02-28 03:15:00.015000 set_bandwidth_job start at  
2013-02-28 03:15:00,030 INFO  请异步发送 
2013-02-28 03:30:00,015 INFO 2013-02-28 03:30:00.015000 set_bandwidth_job start at  
2013-02-28 03:30:00,030 INFO  请异步发送 
2013-02-28 03:45:00,000 INFO 2013-02-28 03:45:00 set_bandwidth_job start at  
2013-02-28 03:45:00,015 INFO  请异步发送 
2013-02-28 04:00:00,000 INFO 2013-02-28 04:00:00 set_bandwidth_job start at  
2013-02-28 04:00:00,015 INFO  请异步发送 
2013-02-28 04:15:00,000 INFO 2013-02-28 04:15:00 set_bandwidth_job start at  
2013-02-28 04:15:00,015 INFO  请异步发送 
2013-02-28 04:30:00,000 INFO 2013-02-28 04:30:00 set_bandwidth_job start at  
2013-02-28 04:30:00,030 INFO  请异步发送 
2013-02-28 04:45:00,015 INFO 2013-02-28 04:45:00.015000 set_bandwidth_job start at  
2013-02-28 04:45:00,030 INFO  请异步发送 
2013-02-28 05:00:00,030 INFO 2013-02-28 05:00:00.031000 set_bandwidth_job start at  
2013-02-28 05:00:00,046 INFO  请异步发送 
2013-02-28 05:15:00,030 INFO 2013-02-28 05:15:00.031000 set_bandwidth_job start at  
2013-02-28 05:15:00,046 INFO  请异步发送 
2013-02-28 05:30:00,000 INFO 2013-02-28 05:30:00 set_bandwidth_job start at  
2013-02-28 05:30:00,015 INFO  请异步发送 
2013-02-28 05:45:00,015 INFO 2013-02-28 05:45:00 set_bandwidth_job start at  
2013-02-28 05:45:00,030 INFO  请异步发送 
2013-02-28 06:00:00,015 INFO 2013-02-28 06:00:00.015000 set_bandwidth_job start at  
2013-02-28 06:00:00,030 INFO  请异步发送 
2013-02-28 06:15:00,000 INFO 2013-02-28 06:15:00 set_bandwidth_job start at  
2013-02-28 06:15:00,015 INFO  请异步发送 
2013-02-28 06:30:00,000 INFO 2013-02-28 06:30:00 set_bandwidth_job start at  
2013-02-28 06:30:00,062 INFO  请异步发送 
2013-02-28 06:45:00,000 INFO 2013-02-28 06:45:00 set_bandwidth_job start at  
2013-02-28 06:45:00,030 INFO  请异步发送 
2013-02-28 07:00:00,000 INFO 2013-02-28 07:00:00 set_bandwidth_job start at  
2013-02-28 07:00:00,015 INFO  请异步发送 
2013-02-28 07:15:00,015 INFO 2013-02-28 07:15:00.015000 set_bandwidth_job start at  
2013-02-28 07:15:00,030 INFO  请异步发送 
2013-02-28 07:30:00,000 INFO 2013-02-28 07:30:00 set_bandwidth_job start at  
2013-02-28 07:30:00,015 INFO  请异步发送 
2013-02-28 07:45:00,000 INFO 2013-02-28 07:45:00 set_bandwidth_job start at  
2013-02-28 07:45:00,030 INFO  请异步发送 
2013-02-28 08:00:00,000 INFO 2013-02-28 08:00:00 set_bandwidth_job start at  
2013-02-28 08:00:00,015 INFO  请异步发送 
2013-02-28 08:15:00,000 INFO 2013-02-28 08:15:00 set_bandwidth_job start at  
2013-02-28 08:15:00,155 INFO  请异步发送 
2013-02-28 08:30:00,092 INFO 2013-02-28 08:30:00.093000 set_bandwidth_job start at  
2013-02-28 08:30:00,108 INFO  请异步发送 
2013-02-28 08:45:00,000 INFO 2013-02-28 08:45:00 set_bandwidth_job start at  
2013-02-28 08:45:00,030 INFO  请异步发送 
2013-02-28 09:00:00,030 INFO 2013-02-28 09:00:00.031000 set_bandwidth_job start at  
2013-02-28 09:00:00,046 INFO  请异步发送 
2013-02-28 09:15:00,030 INFO 2013-02-28 09:15:00.031000 set_bandwidth_job start at  
2013-02-28 09:15:00,046 INFO  请异步发送 
2013-02-28 09:30:00,000 INFO 2013-02-28 09:30:00 set_bandwidth_job start at  
2013-02-28 09:30:00,078 INFO  请异步发送 
2013-02-28 09:45:00,000 INFO 2013-02-28 09:45:00 set_bandwidth_job start at  
2013-02-28 09:45:00,015 INFO  请异步发送 
2013-02-28 10:06:21,312 INFO  Ready and listening 
2013-02-28 10:31:24,171 INFO  Ready and listening 
2013-02-28 10:43:00,671 INFO  Ready and listening 
2013-02-28 10:43:43,687 INFO  Ready and listening 
2013-02-28 10:45:00,140 INFO 2013-02-28 10:45:00.140000 set_bandwidth_job start at  
2013-02-28 10:45:00,155 INFO  请异步发送 
2013-02-28 11:40:20,858 INFO  Ready and listening 
2013-02-28 11:45:01,905 INFO 2013-02-28 11:45:01.906000 set_bandwidth_job start at  
2013-02-28 11:45:01,967 INFO  请异步发送 
2013-02-28 12:30:00,905 INFO 2013-02-28 12:30:00.781000 set_bandwidth_job start at  
2013-02-28 12:30:03,375 INFO  请异步发送 
2013-02-28 13:15:00,015 INFO 2013-02-28 13:15:00.015000 set_bandwidth_job start at  
2013-02-28 13:15:00,030 INFO  请异步发送 
2013-02-28 14:00:01,967 INFO 2013-02-28 14:00:01.812000 set_bandwidth_job start at  
2013-02-28 14:00:07,625 INFO  请异步发送 
2013-02-28 14:30:00,062 INFO 2013-02-28 14:30:00.062000 set_bandwidth_job start at  
2013-02-28 14:30:00,155 INFO  请异步发送 
2013-02-28 14:45:00,812 INFO 2013-02-28 14:45:00.703000 set_bandwidth_job start at  
2013-02-28 14:45:02,390 INFO  请异步发送 
2013-02-28 16:12:19,687 INFO  Ready and listening 
2013-02-28 16:15:02,453 INFO   [x] Requesting 
2013-02-28 16:15:02,453 INFO 2013-02-28 16:15:02.453000 set_bandwidth_job start at  
2013-02-28 16:15:02,453 INFO  请异步发送 
2013-02-28 16:16:23,000 INFO  Ready and listening 
2013-02-28 16:17:30,078 INFO  Ready and listening 
2013-02-28 16:30:00,140 INFO   [x] Requesting 
2013-02-28 16:30:00,140 INFO 2013-02-28 16:30:00.140000 set_bandwidth_job start at  
2013-02-28 16:30:00,140 INFO  请异步发送 
2013-02-28 16:45:00,140 INFO   [x] Requesting 
2013-02-28 16:45:00,140 INFO 2013-02-28 16:45:00.140000 set_bandwidth_job start at  
2013-02-28 16:45:00,140 INFO  请异步发送 
2013-02-28 16:53:35,265 INFO  Ready and listening 
2013-02-28 17:00:01,905 INFO   [x] Requesting 
2013-02-28 17:00:01,921 INFO 2013-02-28 17:00:01.921000 set_bandwidth_job start at  
2013-02-28 17:00:01,921 INFO  请异步发送 
2013-02-28 17:15:00,078 INFO   [x] Requesting 
2013-02-28 17:15:00,078 INFO 2013-02-28 17:15:00.078000 set_bandwidth_job start at  
2013-02-28 17:15:00,078 INFO  请异步发送 
2013-02-28 17:30:00,015 INFO   [x] Requesting 
2013-02-28 17:30:00,046 INFO 2013-02-28 17:30:00.046000 set_bandwidth_job start at  
2013-02-28 17:30:00,046 INFO  请异步发送 
2013-02-28 17:45:00,000 INFO   [x] Requesting 
2013-02-28 17:45:00,046 INFO 2013-02-28 17:45:00.046000 set_bandwidth_job start at  
2013-02-28 17:45:00,046 INFO  请异步发送 
2013-02-28 18:00:00,000 INFO   [x] Requesting 
2013-02-28 18:00:00,000 INFO 2013-02-28 18:00:00 set_bandwidth_job start at  
2013-02-28 18:00:00,000 INFO  请异步发送 
2013-02-28 18:15:00,000 INFO   [x] Requesting 
2013-02-28 18:15:00,000 INFO 2013-02-28 18:15:00 set_bandwidth_job start at  
2013-02-28 18:15:00,000 INFO  请异步发送 
2013-02-28 18:30:00,000 INFO   [x] Requesting 
2013-02-28 18:30:00,000 INFO 2013-02-28 18:30:00 set_bandwidth_job start at  
2013-02-28 18:30:00,000 INFO  请异步发送 
2013-02-28 18:45:00,000 INFO   [x] Requesting 
2013-02-28 18:45:00,000 INFO 2013-02-28 18:45:00 set_bandwidth_job start at  
2013-02-28 18:45:00,000 INFO  请异步发送 
2013-02-28 19:00:00,000 INFO   [x] Requesting 
2013-02-28 19:00:00,000 INFO 2013-02-28 19:00:00 set_bandwidth_job start at  
2013-02-28 19:00:00,000 INFO  请异步发送 
2013-02-28 19:15:00,000 INFO   [x] Requesting 
2013-02-28 19:15:00,000 INFO 2013-02-28 19:15:00 set_bandwidth_job start at  
2013-02-28 19:15:00,000 INFO  请异步发送 
2013-02-28 19:30:00,000 INFO   [x] Requesting 
2013-02-28 19:30:00,000 INFO 2013-02-28 19:30:00 set_bandwidth_job start at  
2013-02-28 19:30:00,000 INFO  请异步发送 
2013-02-28 19:45:00,000 INFO   [x] Requesting 
2013-02-28 19:45:00,000 INFO 2013-02-28 19:45:00 set_bandwidth_job start at  
2013-02-28 19:45:00,000 INFO  请异步发送 
2013-02-28 20:00:00,000 INFO   [x] Requesting 
2013-02-28 20:00:00,000 INFO 2013-02-28 20:00:00 set_bandwidth_job start at  
2013-02-28 20:00:00,000 INFO  请异步发送 
2013-02-28 20:15:00,000 INFO   [x] Requesting 
2013-02-28 20:15:00,000 INFO 2013-02-28 20:15:00 set_bandwidth_job start at  
2013-02-28 20:15:00,000 INFO  请异步发送 
2013-02-28 20:30:00,015 INFO   [x] Requesting 
2013-02-28 20:30:00,015 INFO 2013-02-28 20:30:00.015000 set_bandwidth_job start at  
2013-02-28 20:30:00,015 INFO  请异步发送 
2013-02-28 20:45:00,000 INFO   [x] Requesting 
2013-02-28 20:45:00,000 INFO 2013-02-28 20:45:00 set_bandwidth_job start at  
2013-02-28 20:45:00,000 INFO  请异步发送 
2013-02-28 21:00:00,000 INFO   [x] Requesting 
2013-02-28 21:00:00,000 INFO 2013-02-28 21:00:00 set_bandwidth_job start at  
2013-02-28 21:00:00,000 INFO  请异步发送 
2013-02-28 21:15:00,000 INFO   [x] Requesting 
2013-02-28 21:15:00,000 INFO 2013-02-28 21:15:00 set_bandwidth_job start at  
2013-02-28 21:15:00,000 INFO  请异步发送 
2013-02-28 21:30:00,000 INFO   [x] Requesting 
2013-02-28 21:30:00,000 INFO 2013-02-28 21:30:00 set_bandwidth_job start at  
2013-02-28 21:30:00,000 INFO  请异步发送 
2013-02-28 21:45:00,000 INFO   [x] Requesting 
2013-02-28 21:45:00,000 INFO 2013-02-28 21:45:00 set_bandwidth_job start at  
2013-02-28 21:45:00,000 INFO  请异步发送 
2013-02-28 22:00:00,015 INFO   [x] Requesting 
2013-02-28 22:00:00,015 INFO 2013-02-28 22:00:00.015000 set_bandwidth_job start at  
2013-02-28 22:00:00,015 INFO  请异步发送 
2013-02-28 22:15:00,015 INFO   [x] Requesting 
2013-02-28 22:15:00,015 INFO 2013-02-28 22:15:00.015000 set_bandwidth_job start at  
2013-02-28 22:15:00,015 INFO  请异步发送 
2013-02-28 22:30:00,000 INFO   [x] Requesting 
2013-02-28 22:30:00,000 INFO 2013-02-28 22:30:00 set_bandwidth_job start at  
2013-02-28 22:30:00,000 INFO  请异步发送 
2013-02-28 22:45:00,000 INFO   [x] Requesting 
2013-02-28 22:45:00,000 INFO 2013-02-28 22:45:00 set_bandwidth_job start at  
2013-02-28 22:45:00,000 INFO  请异步发送 
2013-02-28 23:00:00,000 INFO   [x] Requesting 
2013-02-28 23:00:00,000 INFO 2013-02-28 23:00:00 set_bandwidth_job start at  
2013-02-28 23:00:00,000 INFO  请异步发送 
2013-02-28 23:15:00,000 INFO   [x] Requesting 
2013-02-28 23:15:00,000 INFO 2013-02-28 23:15:00 set_bandwidth_job start at  
2013-02-28 23:15:00,092 INFO  请异步发送 
2013-02-28 23:30:00,015 INFO   [x] Requesting 
2013-02-28 23:30:00,015 INFO 2013-02-28 23:30:00.015000 set_bandwidth_job start at  
2013-02-28 23:30:00,015 INFO  请异步发送 
2013-02-28 23:45:00,015 INFO   [x] Requesting 
2013-02-28 23:45:00,015 INFO 2013-02-28 23:45:00.015000 set_bandwidth_job start at  
2013-02-28 23:45:00,015 INFO  请异步发送 
2013-03-01 00:00:00,000 INFO   [x] Requesting 
2013-03-01 00:00:00,000 INFO 2013-03-01 00:00:00 set_bandwidth_job start at  
2013-03-01 00:00:00,000 INFO  请异步发送 
2013-03-01 00:15:00,000 INFO   [x] Requesting 
2013-03-01 00:15:00,000 INFO 2013-03-01 00:15:00 set_bandwidth_job start at  
2013-03-01 00:15:00,000 INFO  请异步发送 
2013-03-01 00:30:00,015 INFO   [x] Requesting 
2013-03-01 00:30:00,015 INFO 2013-03-01 00:30:00.015000 set_bandwidth_job start at  
2013-03-01 00:30:00,015 INFO  请异步发送 
2013-03-01 00:45:00,015 INFO   [x] Requesting 
2013-03-01 00:45:00,015 INFO 2013-03-01 00:45:00.015000 set_bandwidth_job start at  
2013-03-01 00:45:00,015 INFO  请异步发送 
2013-03-01 01:00:00,000 INFO   [x] Requesting 
2013-03-01 01:00:00,000 INFO 2013-03-01 01:00:00 set_bandwidth_job start at  
2013-03-01 01:00:00,000 INFO  请异步发送 
2013-03-01 01:15:00,000 INFO   [x] Requesting 
2013-03-01 01:15:00,000 INFO 2013-03-01 01:15:00 set_bandwidth_job start at  
2013-03-01 01:15:00,000 INFO  请异步发送 
2013-03-01 01:30:00,000 INFO   [x] Requesting 
2013-03-01 01:30:00,000 INFO 2013-03-01 01:30:00 set_bandwidth_job start at  
2013-03-01 01:30:00,000 INFO  请异步发送 
2013-03-01 01:45:00,000 INFO   [x] Requesting 
2013-03-01 01:45:00,000 INFO 2013-03-01 01:45:00 set_bandwidth_job start at  
2013-03-01 01:45:00,000 INFO  请异步发送 
2013-03-01 02:00:00,000 INFO   [x] Requesting 
2013-03-01 02:00:00,000 INFO 2013-03-01 02:00:00 set_bandwidth_job start at  
2013-03-01 02:00:00,000 INFO  请异步发送 
2013-03-01 02:15:00,000 INFO   [x] Requesting 
2013-03-01 02:15:00,000 INFO 2013-03-01 02:15:00 set_bandwidth_job start at  
2013-03-01 02:15:00,000 INFO  请异步发送 
2013-03-01 02:30:00,015 INFO   [x] Requesting 
2013-03-01 02:30:00,015 INFO 2013-03-01 02:30:00.015000 set_bandwidth_job start at  
2013-03-01 02:30:00,015 INFO  请异步发送 
2013-03-01 02:45:00,015 INFO   [x] Requesting 
2013-03-01 02:45:00,015 INFO 2013-03-01 02:45:00.015000 set_bandwidth_job start at  
2013-03-01 02:45:00,015 INFO  请异步发送 
2013-03-01 03:00:00,000 INFO   [x] Requesting 
2013-03-01 03:00:00,000 INFO 2013-03-01 03:00:00 set_bandwidth_job start at  
2013-03-01 03:00:00,000 INFO  请异步发送 
2013-03-01 03:15:00,000 INFO   [x] Requesting 
2013-03-01 03:15:00,000 INFO 2013-03-01 03:15:00 set_bandwidth_job start at  
2013-03-01 03:15:00,000 INFO  请异步发送 
2013-03-01 03:30:00,000 INFO   [x] Requesting 
2013-03-01 03:30:00,000 INFO 2013-03-01 03:30:00 set_bandwidth_job start at  
2013-03-01 03:30:00,000 INFO  请异步发送 
2013-03-01 03:45:00,000 INFO   [x] Requesting 
2013-03-01 03:45:00,000 INFO 2013-03-01 03:45:00 set_bandwidth_job start at  
2013-03-01 03:45:00,000 INFO  请异步发送 
2013-03-01 04:00:00,000 INFO   [x] Requesting 
2013-03-01 04:00:00,000 INFO 2013-03-01 04:00:00 set_bandwidth_job start at  
2013-03-01 04:00:00,000 INFO  请异步发送 
2013-03-01 04:15:00,000 INFO   [x] Requesting 
2013-03-01 04:15:00,000 INFO 2013-03-01 04:15:00 set_bandwidth_job start at  
2013-03-01 04:15:00,000 INFO  请异步发送 
2013-03-01 04:30:00,000 INFO   [x] Requesting 
2013-03-01 04:30:00,000 INFO 2013-03-01 04:30:00 set_bandwidth_job start at  
2013-03-01 04:30:00,000 INFO  请异步发送 
2013-03-01 04:45:00,000 INFO   [x] Requesting 
2013-03-01 04:45:00,000 INFO 2013-03-01 04:45:00 set_bandwidth_job start at  
2013-03-01 04:45:00,000 INFO  请异步发送 
2013-03-01 05:00:00,000 INFO   [x] Requesting 
2013-03-01 05:00:00,000 INFO 2013-03-01 05:00:00 set_bandwidth_job start at  
2013-03-01 05:00:00,000 INFO  请异步发送 
2013-03-01 05:15:00,000 INFO   [x] Requesting 
2013-03-01 05:15:00,000 INFO 2013-03-01 05:15:00 set_bandwidth_job start at  
2013-03-01 05:15:00,000 INFO  请异步发送 
2013-03-01 05:30:00,000 INFO   [x] Requesting 
2013-03-01 05:30:00,000 INFO 2013-03-01 05:30:00 set_bandwidth_job start at  
2013-03-01 05:30:00,000 INFO  请异步发送 
2013-03-01 05:45:00,000 INFO   [x] Requesting 
2013-03-01 05:45:00,000 INFO 2013-03-01 05:45:00 set_bandwidth_job start at  
2013-03-01 05:45:00,000 INFO  请异步发送 
2013-03-01 06:00:00,000 INFO   [x] Requesting 
2013-03-01 06:00:00,000 INFO 2013-03-01 06:00:00 set_bandwidth_job start at  
2013-03-01 06:00:00,000 INFO  请异步发送 
2013-03-01 06:15:00,000 INFO   [x] Requesting 
2013-03-01 06:15:00,000 INFO 2013-03-01 06:15:00 set_bandwidth_job start at  
2013-03-01 06:15:00,000 INFO  请异步发送 
2013-03-01 06:30:00,000 INFO   [x] Requesting 
2013-03-01 06:30:00,000 INFO 2013-03-01 06:30:00 set_bandwidth_job start at  
2013-03-01 06:30:00,000 INFO  请异步发送 
2013-03-01 06:45:00,000 INFO   [x] Requesting 
2013-03-01 06:45:00,000 INFO 2013-03-01 06:45:00 set_bandwidth_job start at  
2013-03-01 06:45:00,000 INFO  请异步发送 
2013-03-01 07:00:00,000 INFO   [x] Requesting 
2013-03-01 07:00:00,000 INFO 2013-03-01 07:00:00 set_bandwidth_job start at  
2013-03-01 07:00:00,000 INFO  请异步发送 
2013-03-01 07:15:00,000 INFO   [x] Requesting 
2013-03-01 07:15:00,000 INFO 2013-03-01 07:15:00 set_bandwidth_job start at  
2013-03-01 07:15:00,000 INFO  请异步发送 
2013-03-01 07:30:00,000 INFO   [x] Requesting 
2013-03-01 07:30:00,000 INFO 2013-03-01 07:30:00 set_bandwidth_job start at  
2013-03-01 07:30:00,000 INFO  请异步发送 
2013-03-01 07:45:00,000 INFO   [x] Requesting 
2013-03-01 07:45:00,000 INFO 2013-03-01 07:45:00 set_bandwidth_job start at  
2013-03-01 07:45:00,000 INFO  请异步发送 
2013-03-01 08:00:00,015 INFO   [x] Requesting 
2013-03-01 08:00:00,015 INFO 2013-03-01 08:00:00.015000 set_bandwidth_job start at  
2013-03-01 08:00:00,015 INFO  请异步发送 
2013-03-01 08:15:00,015 INFO   [x] Requesting 
2013-03-01 08:15:00,015 INFO 2013-03-01 08:15:00.015000 set_bandwidth_job start at  
2013-03-01 08:15:00,015 INFO  请异步发送 
2013-03-01 08:30:00,000 INFO   [x] Requesting 
2013-03-01 08:30:00,000 INFO 2013-03-01 08:30:00 set_bandwidth_job start at  
2013-03-01 08:30:00,000 INFO  请异步发送 
2013-03-01 08:45:00,000 INFO   [x] Requesting 
2013-03-01 08:45:00,000 INFO 2013-03-01 08:45:00 set_bandwidth_job start at  
2013-03-01 08:45:00,000 INFO  请异步发送 
2013-03-01 09:00:00,000 INFO   [x] Requesting 
2013-03-01 09:00:00,000 INFO 2013-03-01 09:00:00 set_bandwidth_job start at  
2013-03-01 09:00:00,000 INFO  请异步发送 
2013-03-01 09:15:00,000 INFO   [x] Requesting 
2013-03-01 09:15:00,000 INFO 2013-03-01 09:15:00 set_bandwidth_job start at  
2013-03-01 09:15:00,000 INFO  请异步发送 
2013-03-01 09:30:00,000 INFO   [x] Requesting 
2013-03-01 09:30:00,000 INFO 2013-03-01 09:30:00 set_bandwidth_job start at  
2013-03-01 09:30:00,000 INFO  请异步发送 
2013-03-01 09:45:00,030 INFO   [x] Requesting 
2013-03-01 09:45:00,030 INFO 2013-03-01 09:45:00.031000 set_bandwidth_job start at  
2013-03-01 09:45:00,030 INFO  请异步发送 
2013-03-01 13:21:54,953 INFO  Ready and listening 
2013-03-01 13:52:32,967 INFO  Ready and listening 
2013-03-01 14:04:02,812 INFO  Ready and listening 
2013-03-01 14:05:03,140 INFO  Ready and listening 
2013-03-11 17:13:32,108 INFO  Ready and listening 
2013-03-11 17:15:00,030 INFO   [x] Requesting 
2013-03-11 17:15:00,030 INFO 2013-03-11 17:15:00.031000 set_bandwidth_job start at  
2013-03-11 17:15:00,030 INFO  请异步发送 
2013-03-11 17:15:00,046 INFO 2013-03-11 17:15:00.046000 set_bandwidth_job end at  
2013-03-11 17:23:07,342 INFO  Ready and listening 
2013-03-11 17:30:00,000 INFO   [x] Requesting 
2013-03-11 17:30:00,000 INFO 2013-03-11 17:30:00 set_bandwidth_job start at  
2013-03-11 17:30:00,000 INFO  请异步发送 
2013-03-11 17:30:00,030 INFO 2013-03-11 17:30:00.031000 set_bandwidth_job end at  
2013-03-11 17:45:00,046 INFO   [x] Requesting 
2013-03-11 17:45:00,046 INFO 2013-03-11 17:45:00.046000 set_bandwidth_job start at  
2013-03-11 17:45:00,046 INFO  请异步发送 
2013-03-11 17:45:00,092 INFO 2013-03-11 17:45:00.093000 set_bandwidth_job end at  
2013-03-11 18:00:00,437 INFO   [x] Requesting 
2013-03-11 18:00:00,437 INFO 2013-03-11 18:00:00.437000 set_bandwidth_job start at  
2013-03-11 18:00:00,437 INFO  请异步发送 
2013-03-11 18:00:01,203 INFO 2013-03-11 18:00:01.203000 set_bandwidth_job end at  
2013-03-11 18:15:00,265 INFO   [x] Requesting 
2013-03-11 18:15:00,265 INFO 2013-03-11 18:15:00.265000 set_bandwidth_job start at  
2013-03-11 18:15:00,265 INFO  请异步发送 
2013-03-11 18:15:00,280 INFO 2013-03-11 18:15:00.281000 set_bandwidth_job end at  
2013-03-11 18:30:00,015 INFO   [x] Requesting 
2013-03-11 18:30:00,015 INFO 2013-03-11 18:30:00.015000 set_bandwidth_job start at  
2013-03-11 18:30:00,015 INFO  请异步发送 
2013-03-11 18:30:00,046 INFO 2013-03-11 18:30:00.046000 set_bandwidth_job end at  
2013-03-11 18:45:00,000 INFO   [x] Requesting 
2013-03-11 18:45:00,000 INFO 2013-03-11 18:45:00 set_bandwidth_job start at  
2013-03-11 18:45:00,000 INFO  请异步发送 
2013-03-11 18:45:00,015 INFO 2013-03-11 18:45:00.015000 set_bandwidth_job end at  
2013-03-11 19:00:00,155 INFO   [x] Requesting 
2013-03-11 19:00:00,171 INFO 2013-03-11 19:00:00.171000 set_bandwidth_job start at  
2013-03-11 19:00:00,171 INFO  请异步发送 
2013-03-11 19:00:00,640 INFO 2013-03-11 19:00:00.640000 set_bandwidth_job end at  
2013-03-11 19:15:00,062 INFO   [x] Requesting 
2013-03-11 19:15:00,062 INFO 2013-03-11 19:15:00.062000 set_bandwidth_job start at  
2013-03-11 19:15:00,062 INFO  请异步发送 
2013-03-11 19:15:00,078 INFO 2013-03-11 19:15:00.078000 set_bandwidth_job end at  
2013-03-11 19:30:00,030 INFO   [x] Requesting 
2013-03-11 19:30:00,030 INFO 2013-03-11 19:30:00.031000 set_bandwidth_job start at  
2013-03-11 19:30:00,030 INFO  请异步发送 
2013-03-11 19:30:00,046 INFO 2013-03-11 19:30:00.046000 set_bandwidth_job end at  
2013-03-11 19:45:00,030 INFO   [x] Requesting 
2013-03-11 19:45:00,030 INFO 2013-03-11 19:45:00.031000 set_bandwidth_job start at  
2013-03-11 19:45:00,030 INFO  请异步发送 
2013-03-11 19:45:00,046 INFO 2013-03-11 19:45:00.046000 set_bandwidth_job end at  
2013-03-11 20:00:00,000 INFO   [x] Requesting 
2013-03-11 20:00:00,000 INFO 2013-03-11 20:00:00 set_bandwidth_job start at  
2013-03-11 20:00:00,000 INFO  请异步发送 
2013-03-11 20:00:00,015 INFO 2013-03-11 20:00:00.015000 set_bandwidth_job end at  
2013-03-11 20:15:00,015 INFO   [x] Requesting 
2013-03-11 20:15:00,015 INFO 2013-03-11 20:15:00.015000 set_bandwidth_job start at  
2013-03-11 20:15:00,015 INFO  请异步发送 
2013-03-11 20:15:00,046 INFO 2013-03-11 20:15:00.046000 set_bandwidth_job end at  
2013-03-11 20:30:00,000 INFO   [x] Requesting 
2013-03-11 20:30:00,000 INFO 2013-03-11 20:30:00 set_bandwidth_job start at  
2013-03-11 20:30:00,000 INFO  请异步发送 
2013-03-11 20:30:00,015 INFO 2013-03-11 20:30:00.015000 set_bandwidth_job end at  
2013-03-11 20:45:00,015 INFO   [x] Requesting 
2013-03-11 20:45:00,015 INFO 2013-03-11 20:45:00.015000 set_bandwidth_job start at  
2013-03-11 20:45:00,015 INFO  请异步发送 
2013-03-11 20:45:00,030 INFO 2013-03-11 20:45:00.031000 set_bandwidth_job end at  
2013-03-11 21:00:00,015 INFO   [x] Requesting 
2013-03-11 21:00:00,015 INFO 2013-03-11 21:00:00.015000 set_bandwidth_job start at  
2013-03-11 21:00:00,015 INFO  请异步发送 
2013-03-11 21:00:00,030 INFO 2013-03-11 21:00:00.031000 set_bandwidth_job end at  
2013-03-11 21:15:00,000 INFO   [x] Requesting 
2013-03-11 21:15:00,000 INFO 2013-03-11 21:15:00 set_bandwidth_job start at  
2013-03-11 21:15:00,000 INFO  请异步发送 
2013-03-11 21:15:00,015 INFO 2013-03-11 21:15:00.015000 set_bandwidth_job end at  
2013-03-11 21:30:00,000 INFO   [x] Requesting 
2013-03-11 21:30:00,000 INFO 2013-03-11 21:30:00 set_bandwidth_job start at  
2013-03-11 21:30:00,000 INFO  请异步发送 
2013-03-11 21:30:00,015 INFO 2013-03-11 21:30:00.015000 set_bandwidth_job end at  
2013-03-11 21:45:00,000 INFO   [x] Requesting 
2013-03-11 21:45:00,030 INFO 2013-03-11 21:45:00.031000 set_bandwidth_job start at  
2013-03-11 21:45:00,030 INFO  请异步发送 
2013-03-11 21:45:00,046 INFO 2013-03-11 21:45:00.046000 set_bandwidth_job end at  
2013-03-11 22:00:00,030 INFO   [x] Requesting 
2013-03-11 22:00:00,030 INFO 2013-03-11 22:00:00.031000 set_bandwidth_job start at  
2013-03-11 22:00:00,030 INFO  请异步发送 
2013-03-11 22:00:00,078 INFO 2013-03-11 22:00:00.078000 set_bandwidth_job end at  
2013-03-11 22:15:00,062 INFO   [x] Requesting 
2013-03-11 22:15:00,108 INFO 2013-03-11 22:15:00.109000 set_bandwidth_job start at  
2013-03-11 22:15:00,108 INFO  请异步发送 
2013-03-11 22:15:00,125 INFO 2013-03-11 22:15:00.125000 set_bandwidth_job end at  
2013-03-11 22:30:00,108 INFO   [x] Requesting 
2013-03-11 22:30:00,108 INFO 2013-03-11 22:30:00.109000 set_bandwidth_job start at  
2013-03-11 22:30:00,108 INFO  请异步发送 
2013-03-11 22:30:00,125 INFO 2013-03-11 22:30:00.125000 set_bandwidth_job end at  
2013-03-11 22:45:00,000 INFO   [x] Requesting 
2013-03-11 22:45:00,000 INFO 2013-03-11 22:45:00 set_bandwidth_job start at  
2013-03-11 22:45:00,000 INFO  请异步发送 
2013-03-11 22:45:00,015 INFO 2013-03-11 22:45:00.015000 set_bandwidth_job end at  
2013-03-11 23:00:00,000 INFO   [x] Requesting 
2013-03-11 23:00:00,000 INFO 2013-03-11 23:00:00 set_bandwidth_job start at  
2013-03-11 23:00:00,000 INFO  请异步发送 
2013-03-11 23:00:00,015 INFO 2013-03-11 23:00:00.015000 set_bandwidth_job end at  
2013-03-11 23:15:00,000 INFO   [x] Requesting 
2013-03-11 23:15:00,000 INFO 2013-03-11 23:15:00 set_bandwidth_job start at  
2013-03-11 23:15:00,000 INFO  请异步发送 
2013-03-11 23:15:00,030 INFO 2013-03-11 23:15:00.031000 set_bandwidth_job end at  
2013-03-11 23:30:00,015 INFO   [x] Requesting 
2013-03-11 23:30:00,015 INFO 2013-03-11 23:30:00.015000 set_bandwidth_job start at  
2013-03-11 23:30:00,015 INFO  请异步发送 
2013-03-11 23:30:00,030 INFO 2013-03-11 23:30:00.031000 set_bandwidth_job end at  
2013-03-11 23:45:00,015 INFO   [x] Requesting 
2013-03-11 23:45:00,015 INFO 2013-03-11 23:45:00.015000 set_bandwidth_job start at  
2013-03-11 23:45:00,015 INFO  请异步发送 
2013-03-11 23:45:00,030 INFO 2013-03-11 23:45:00.031000 set_bandwidth_job end at  
2013-03-12 00:00:00,217 INFO   [x] Requesting 
2013-03-12 00:00:00,217 INFO 2013-03-12 00:00:00.218000 set_bandwidth_job start at  
2013-03-12 00:00:00,217 INFO  请异步发送 
2013-03-12 00:00:01,062 INFO 2013-03-12 00:00:00.984000 set_bandwidth_job end at  
2013-03-12 00:15:00,155 INFO   [x] Requesting 
2013-03-12 00:15:00,155 INFO 2013-03-12 00:15:00.156000 set_bandwidth_job start at  
2013-03-12 00:15:00,155 INFO  请异步发送 
2013-03-12 00:15:00,171 INFO 2013-03-12 00:15:00.171000 set_bandwidth_job end at  
2013-03-12 00:30:00,000 INFO   [x] Requesting 
2013-03-12 00:30:00,030 INFO 2013-03-12 00:30:00.031000 set_bandwidth_job start at  
2013-03-12 00:30:00,030 INFO  请异步发送 
2013-03-12 00:30:00,062 INFO 2013-03-12 00:30:00.062000 set_bandwidth_job end at  
2013-03-12 00:45:00,030 INFO   [x] Requesting 
2013-03-12 00:45:00,030 INFO 2013-03-12 00:45:00.031000 set_bandwidth_job start at  
2013-03-12 00:45:00,030 INFO  请异步发送 
2013-03-12 00:45:00,375 INFO 2013-03-12 00:45:00.375000 set_bandwidth_job end at  
2013-03-12 01:00:00,000 INFO   [x] Requesting 
2013-03-12 01:00:00,000 INFO 2013-03-12 01:00:00 set_bandwidth_job start at  
2013-03-12 01:00:00,000 INFO  请异步发送 
2013-03-12 01:00:00,015 INFO 2013-03-12 01:00:00.015000 set_bandwidth_job end at  
2013-03-12 01:15:00,000 INFO   [x] Requesting 
2013-03-12 01:15:00,000 INFO 2013-03-12 01:15:00 set_bandwidth_job start at  
2013-03-12 01:15:00,000 INFO  请异步发送 
2013-03-12 01:15:00,015 INFO 2013-03-12 01:15:00.015000 set_bandwidth_job end at  
2013-03-12 01:30:00,015 INFO   [x] Requesting 
2013-03-12 01:30:00,015 INFO 2013-03-12 01:30:00.015000 set_bandwidth_job start at  
2013-03-12 01:30:00,015 INFO  请异步发送 
2013-03-12 01:30:00,030 INFO 2013-03-12 01:30:00.031000 set_bandwidth_job end at  
2013-03-12 01:45:00,000 INFO   [x] Requesting 
2013-03-12 01:45:00,000 INFO 2013-03-12 01:45:00 set_bandwidth_job start at  
2013-03-12 01:45:00,000 INFO  请异步发送 
2013-03-12 01:45:00,030 INFO 2013-03-12 01:45:00.031000 set_bandwidth_job end at  
2013-03-12 02:00:00,000 INFO   [x] Requesting 
2013-03-12 02:00:00,000 INFO 2013-03-12 02:00:00 set_bandwidth_job start at  
2013-03-12 02:00:00,000 INFO  请异步发送 
2013-03-12 02:00:00,015 INFO 2013-03-12 02:00:00.015000 set_bandwidth_job end at  
2013-03-12 02:15:00,000 INFO   [x] Requesting 
2013-03-12 02:15:00,000 INFO 2013-03-12 02:15:00 set_bandwidth_job start at  
2013-03-12 02:15:00,000 INFO  请异步发送 
2013-03-12 02:15:00,015 INFO 2013-03-12 02:15:00.015000 set_bandwidth_job end at  
2013-03-12 02:30:00,000 INFO   [x] Requesting 
2013-03-12 02:30:00,000 INFO 2013-03-12 02:30:00 set_bandwidth_job start at  
2013-03-12 02:30:00,000 INFO  请异步发送 
2013-03-12 02:30:00,015 INFO 2013-03-12 02:30:00.015000 set_bandwidth_job end at  
2013-03-12 02:45:00,015 INFO   [x] Requesting 
2013-03-12 02:45:00,015 INFO 2013-03-12 02:45:00.015000 set_bandwidth_job start at  
2013-03-12 02:45:00,015 INFO  请异步发送 
2013-03-12 02:45:00,030 INFO 2013-03-12 02:45:00.031000 set_bandwidth_job end at  
2013-03-12 03:00:00,015 INFO   [x] Requesting 
2013-03-12 03:00:00,015 INFO 2013-03-12 03:00:00.015000 set_bandwidth_job start at  
2013-03-12 03:00:00,015 INFO  请异步发送 
2013-03-12 03:00:00,030 INFO 2013-03-12 03:00:00.031000 set_bandwidth_job end at  
2013-03-12 03:15:00,030 INFO   [x] Requesting 
2013-03-12 03:15:00,030 INFO 2013-03-12 03:15:00.031000 set_bandwidth_job start at  
2013-03-12 03:15:00,030 INFO  请异步发送 
2013-03-12 03:15:00,046 INFO 2013-03-12 03:15:00.046000 set_bandwidth_job end at  
2013-03-12 03:30:00,062 INFO   [x] Requesting 
2013-03-12 03:30:00,062 INFO 2013-03-12 03:30:00.062000 set_bandwidth_job start at  
2013-03-12 03:30:00,062 INFO  请异步发送 
2013-03-12 03:30:00,203 INFO 2013-03-12 03:30:00.203000 set_bandwidth_job end at  
2013-03-12 03:45:00,046 INFO   [x] Requesting 
2013-03-12 03:45:00,046 INFO 2013-03-12 03:45:00.046000 set_bandwidth_job start at  
2013-03-12 03:45:00,046 INFO  请异步发送 
2013-03-12 03:45:00,062 INFO 2013-03-12 03:45:00.062000 set_bandwidth_job end at  
2013-03-12 04:00:00,000 INFO   [x] Requesting 
2013-03-12 04:00:00,000 INFO 2013-03-12 04:00:00 set_bandwidth_job start at  
2013-03-12 04:00:00,000 INFO  请异步发送 
2013-03-12 04:00:00,015 INFO 2013-03-12 04:00:00.015000 set_bandwidth_job end at  
2013-03-12 04:15:00,000 INFO   [x] Requesting 
2013-03-12 04:15:00,000 INFO 2013-03-12 04:15:00 set_bandwidth_job start at  
2013-03-12 04:15:00,000 INFO  请异步发送 
2013-03-12 04:15:00,015 INFO 2013-03-12 04:15:00.015000 set_bandwidth_job end at  
2013-03-12 04:30:00,000 INFO   [x] Requesting 
2013-03-12 04:30:00,000 INFO 2013-03-12 04:30:00 set_bandwidth_job start at  
2013-03-12 04:30:00,000 INFO  请异步发送 
2013-03-12 04:30:00,015 INFO 2013-03-12 04:30:00.015000 set_bandwidth_job end at  
2013-03-12 04:45:00,000 INFO   [x] Requesting 
2013-03-12 04:45:00,000 INFO 2013-03-12 04:45:00 set_bandwidth_job start at  
2013-03-12 04:45:00,000 INFO  请异步发送 
2013-03-12 04:45:00,046 INFO 2013-03-12 04:45:00.046000 set_bandwidth_job end at  
2013-03-12 05:00:00,000 INFO   [x] Requesting 
2013-03-12 05:00:00,000 INFO 2013-03-12 05:00:00 set_bandwidth_job start at  
2013-03-12 05:00:00,000 INFO  请异步发送 
2013-03-12 05:00:00,015 INFO 2013-03-12 05:00:00.015000 set_bandwidth_job end at  
2013-03-12 05:15:00,046 INFO   [x] Requesting 
2013-03-12 05:15:00,046 INFO 2013-03-12 05:15:00.046000 set_bandwidth_job start at  
2013-03-12 05:15:00,046 INFO  请异步发送 
2013-03-12 05:15:00,062 INFO 2013-03-12 05:15:00.062000 set_bandwidth_job end at  
2013-03-12 05:30:00,046 INFO   [x] Requesting 
2013-03-12 05:30:00,046 INFO 2013-03-12 05:30:00.046000 set_bandwidth_job start at  
2013-03-12 05:30:00,046 INFO  请异步发送 
2013-03-12 05:30:00,062 INFO 2013-03-12 05:30:00.062000 set_bandwidth_job end at  
2013-03-12 05:45:00,015 INFO   [x] Requesting 
2013-03-12 05:45:00,015 INFO 2013-03-12 05:45:00.015000 set_bandwidth_job start at  
2013-03-12 05:45:00,015 INFO  请异步发送 
2013-03-12 05:45:00,030 INFO 2013-03-12 05:45:00.031000 set_bandwidth_job end at  
2013-03-12 06:00:00,015 INFO   [x] Requesting 
2013-03-12 06:00:00,015 INFO 2013-03-12 06:00:00.015000 set_bandwidth_job start at  
2013-03-12 06:00:00,015 INFO  请异步发送 
2013-03-12 06:00:00,030 INFO 2013-03-12 06:00:00.031000 set_bandwidth_job end at  
2013-03-12 06:15:00,000 INFO   [x] Requesting 
2013-03-12 06:15:00,000 INFO 2013-03-12 06:15:00 set_bandwidth_job start at  
2013-03-12 06:15:00,000 INFO  请异步发送 
2013-03-12 06:15:00,092 INFO 2013-03-12 06:15:00.093000 set_bandwidth_job end at  
2013-03-12 06:30:00,000 INFO   [x] Requesting 
2013-03-12 06:30:00,000 INFO 2013-03-12 06:30:00 set_bandwidth_job start at  
2013-03-12 06:30:00,000 INFO  请异步发送 
2013-03-12 06:30:00,015 INFO 2013-03-12 06:30:00.015000 set_bandwidth_job end at  
2013-03-12 06:45:00,000 INFO   [x] Requesting 
2013-03-12 06:45:00,000 INFO 2013-03-12 06:45:00 set_bandwidth_job start at  
2013-03-12 06:45:00,000 INFO  请异步发送 
2013-03-12 06:45:00,046 INFO 2013-03-12 06:45:00.046000 set_bandwidth_job end at  
2013-03-12 07:00:00,000 INFO   [x] Requesting 
2013-03-12 07:00:00,000 INFO 2013-03-12 07:00:00 set_bandwidth_job start at  
2013-03-12 07:00:00,000 INFO  请异步发送 
2013-03-12 07:00:00,015 INFO 2013-03-12 07:00:00.015000 set_bandwidth_job end at  
2013-03-12 07:15:00,000 INFO   [x] Requesting 
2013-03-12 07:15:00,000 INFO 2013-03-12 07:15:00 set_bandwidth_job start at  
2013-03-12 07:15:00,000 INFO  请异步发送 
2013-03-12 07:15:00,015 INFO 2013-03-12 07:15:00.015000 set_bandwidth_job end at  
2013-03-12 07:30:00,000 INFO   [x] Requesting 
2013-03-12 07:30:00,000 INFO 2013-03-12 07:30:00 set_bandwidth_job start at  
2013-03-12 07:30:00,000 INFO  请异步发送 
2013-03-12 07:30:00,062 INFO 2013-03-12 07:30:00.062000 set_bandwidth_job end at  
2013-03-12 07:45:00,000 INFO   [x] Requesting 
2013-03-12 07:45:00,000 INFO 2013-03-12 07:45:00 set_bandwidth_job start at  
2013-03-12 07:45:00,000 INFO  请异步发送 
2013-03-12 07:45:00,015 INFO 2013-03-12 07:45:00.015000 set_bandwidth_job end at  
2013-03-12 08:00:00,000 INFO   [x] Requesting 
2013-03-12 08:00:00,000 INFO 2013-03-12 08:00:00 set_bandwidth_job start at  
2013-03-12 08:00:00,000 INFO  请异步发送 
2013-03-12 08:00:00,030 INFO 2013-03-12 08:00:00.031000 set_bandwidth_job end at  
2013-03-12 08:15:00,000 INFO   [x] Requesting 
2013-03-12 08:15:00,000 INFO 2013-03-12 08:15:00 set_bandwidth_job start at  
2013-03-12 08:15:00,000 INFO  请异步发送 
2013-03-12 08:15:00,015 INFO 2013-03-12 08:15:00.015000 set_bandwidth_job end at  
2013-03-12 08:30:00,000 INFO   [x] Requesting 
2013-03-12 08:30:00,015 INFO 2013-03-12 08:30:00.015000 set_bandwidth_job start at  
2013-03-12 08:30:00,015 INFO  请异步发送 
2013-03-12 08:30:00,030 INFO 2013-03-12 08:30:00.031000 set_bandwidth_job end at  
2013-03-12 08:45:00,030 INFO   [x] Requesting 
2013-03-12 08:45:00,030 INFO 2013-03-12 08:45:00.031000 set_bandwidth_job start at  
2013-03-12 08:45:00,030 INFO  请异步发送 
2013-03-12 08:45:00,046 INFO 2013-03-12 08:45:00.046000 set_bandwidth_job end at  
2013-03-12 09:00:00,108 INFO   [x] Requesting 
2013-03-12 09:00:00,108 INFO 2013-03-12 09:00:00.109000 set_bandwidth_job start at  
2013-03-12 09:00:00,108 INFO  请异步发送 
2013-03-12 09:00:00,108 INFO 2013-03-12 09:00:00.109000 set_bandwidth_job end at  
2013-03-12 09:15:00,078 INFO   [x] Requesting 
2013-03-12 09:15:00,078 INFO 2013-03-12 09:15:00.078000 set_bandwidth_job start at  
2013-03-12 09:15:00,078 INFO  请异步发送 
2013-03-12 09:15:00,092 INFO 2013-03-12 09:15:00.093000 set_bandwidth_job end at  
2013-03-12 10:30:28,703 INFO  Ready and listening 
2013-03-12 10:33:28,875 INFO  Ready and listening 
2013-03-12 10:45:00,015 INFO   [x] Requesting 
2013-03-12 10:45:00,015 INFO 2013-03-12 10:45:00.015000 set_bandwidth_job start at  
2013-03-12 10:45:00,015 INFO  请异步发送 
2013-03-12 10:45:00,046 INFO 2013-03-12 10:45:00.046000 set_bandwidth_job end at  
2013-03-12 11:00:00,015 INFO   [x] Requesting 
2013-03-12 11:00:00,015 INFO 2013-03-12 11:00:00.015000 set_bandwidth_job start at  
2013-03-12 11:00:00,015 INFO  请异步发送 
2013-03-12 11:15:00,015 INFO   [x] Requesting 
2013-03-12 11:15:00,015 INFO 2013-03-12 11:15:00.015000 set_bandwidth_job start at  
2013-03-12 11:15:00,015 INFO  请异步发送 
2013-03-12 11:30:00,000 INFO   [x] Requesting 
2013-03-12 11:30:00,000 INFO 2013-03-12 11:30:00 set_bandwidth_job start at  
2013-03-12 11:30:00,000 INFO  请异步发送 
2013-03-12 11:45:00,312 INFO   [x] Requesting 
2013-03-12 11:45:00,405 INFO 2013-03-12 11:45:00.406000 set_bandwidth_job start at  
2013-03-12 11:45:00,405 INFO  请异步发送 
2013-03-12 12:00:00,375 INFO   [x] Requesting 
2013-03-12 12:00:00,375 INFO 2013-03-12 12:00:00.375000 set_bandwidth_job start at  
2013-03-12 12:00:00,375 INFO  请异步发送 
2013-03-12 12:15:00,030 INFO   [x] Requesting 
2013-03-12 12:15:00,030 INFO 2013-03-12 12:15:00.031000 set_bandwidth_job start at  
2013-03-12 12:15:00,030 INFO  请异步发送 
2013-03-12 12:46:53,108 INFO  Ready and listening 
2013-03-12 12:56:17,671 INFO  Ready and listening 
2013-03-12 12:57:47,030 INFO  Ready and listening 
2013-03-12 13:00:00,030 INFO   [x] Requesting 
2013-03-12 13:00:00,030 INFO 2013-03-12 13:00:00.031000 set_bandwidth_job start at  
2013-03-12 13:00:00,030 INFO  请异步发送 
2013-03-12 13:02:02,296 INFO  Ready and listening 
2013-03-12 13:15:00,125 INFO   [x] Requesting 
2013-03-12 13:15:00,125 INFO 2013-03-12 13:15:00.125000 set_bandwidth_job start at  
2013-03-12 13:15:00,125 INFO  请异步发送 
2013-03-12 13:30:00,046 INFO   [x] Requesting 
2013-03-12 13:30:00,046 INFO 2013-03-12 13:30:00.046000 set_bandwidth_job start at  
2013-03-12 13:30:00,046 INFO  请异步发送 
2013-03-12 13:45:00,000 INFO   [x] Requesting 
2013-03-12 13:45:00,000 INFO 2013-03-12 13:45:00 set_bandwidth_job start at  
2013-03-12 13:45:00,000 INFO  请异步发送 
2013-03-12 14:00:00,000 INFO   [x] Requesting 
2013-03-12 14:00:00,000 INFO 2013-03-12 14:00:00 set_bandwidth_job start at  
2013-03-12 14:00:00,000 INFO  请异步发送 
2013-03-12 14:17:25,265 INFO  Ready and listening 
2013-03-12 14:30:00,000 INFO   [x] Requesting 
2013-03-12 14:30:00,000 INFO 2013-03-12 14:30:00 set_bandwidth_job start at  
2013-03-12 14:30:00,000 INFO  请异步发送 
2013-03-12 14:45:00,000 INFO   [x] Requesting 
2013-03-12 14:45:00,000 INFO 2013-03-12 14:45:00 set_bandwidth_job start at  
2013-03-12 14:45:00,000 INFO  请异步发送 
2013-03-12 15:00:00,000 INFO   [x] Requesting 
2013-03-12 15:00:00,000 INFO 2013-03-12 15:00:00 set_bandwidth_job start at  
2013-03-12 15:00:00,000 INFO  请异步发送 
2013-03-12 15:15:00,000 INFO   [x] Requesting 
2013-03-12 15:15:00,000 INFO 2013-03-12 15:15:00 set_bandwidth_job start at  
2013-03-12 15:15:00,000 INFO  请异步发送 
2013-03-12 15:30:00,015 INFO   [x] Requesting 
2013-03-12 15:30:00,015 INFO 2013-03-12 15:30:00.015000 set_bandwidth_job start at  
2013-03-12 15:30:00,015 INFO  请异步发送 
2013-03-13 10:31:10,703 INFO  Ready and listening 
2013-03-13 10:45:00,046 INFO   [x] Requesting 
2013-03-13 10:45:00,046 INFO 2013-03-13 10:45:00.046000 set_bandwidth_job start at  
2013-03-13 10:45:00,046 INFO  请异步发送 
2013-03-13 14:32:33,625 INFO  Ready and listening 
2013-03-13 14:45:00,015 INFO   [x] Requesting 
2013-03-13 14:45:00,015 INFO 2013-03-13 14:45:00.015000 set_bandwidth_job start at  
2013-03-13 14:45:00,015 INFO  请异步发送 
2013-03-13 15:00:00,015 INFO   [x] Requesting 
2013-03-13 15:00:00,015 INFO 2013-03-13 15:00:00.015000 set_bandwidth_job start at  
2013-03-13 15:00:00,015 INFO  请异步发送 
2013-03-13 15:05:05,125 INFO  {"response_code": "250"} 
2013-03-13 15:11:31,937 INFO  {"response_code": "250"} 
2013-03-13 15:15:00,000 INFO   [x] Requesting 
2013-03-13 15:15:00,000 INFO 2013-03-13 15:15:00 set_bandwidth_job start at  
2013-03-13 15:15:00,000 INFO  请异步发送 
2013-03-13 15:30:00,000 INFO   [x] Requesting 
2013-03-13 15:30:00,000 INFO 2013-03-13 15:30:00 set_bandwidth_job start at  
2013-03-13 15:30:00,000 INFO  请异步发送 
2013-03-13 15:45:00,687 INFO   [x] Requesting 
2013-03-13 15:45:00,703 INFO 2013-03-13 15:45:00.703000 set_bandwidth_job start at  
2013-03-13 15:45:00,703 INFO  请异步发送 
2013-03-13 16:00:00,796 INFO   [x] Requesting 
2013-03-13 16:00:00,812 INFO 2013-03-13 16:00:00.812000 set_bandwidth_job start at  
2013-03-13 16:00:00,812 INFO  请异步发送 
2013-03-13 16:15:00,217 INFO   [x] Requesting 
2013-03-13 16:15:00,217 INFO 2013-03-13 16:15:00.218000 set_bandwidth_job start at  
2013-03-13 16:15:00,217 INFO  请异步发送 
2013-03-13 16:30:00,000 INFO   [x] Requesting 
2013-03-13 16:30:00,000 INFO 2013-03-13 16:30:00 set_bandwidth_job start at  
2013-03-13 16:30:00,000 INFO  请异步发送 
2013-03-13 16:45:00,015 INFO   [x] Requesting 
2013-03-13 16:45:00,015 INFO 2013-03-13 16:45:00.015000 set_bandwidth_job start at  
2013-03-13 16:45:00,015 INFO  请异步发送 
2013-03-13 17:00:00,030 INFO   [x] Requesting 
2013-03-13 17:00:00,030 INFO 2013-03-13 17:00:00.031000 set_bandwidth_job start at  
2013-03-13 17:00:00,030 INFO  请异步发送 
2013-03-13 17:15:00,000 INFO   [x] Requesting 
2013-03-13 17:15:00,000 INFO 2013-03-13 17:15:00 set_bandwidth_job start at  
2013-03-13 17:15:00,000 INFO  请异步发送 
2013-03-13 17:30:00,015 INFO   [x] Requesting 
2013-03-13 17:30:00,030 INFO 2013-03-13 17:30:00.031000 set_bandwidth_job start at  
2013-03-13 17:30:00,030 INFO  请异步发送 
2013-03-13 17:45:00,046 INFO   [x] Requesting 
2013-03-13 17:45:00,046 INFO 2013-03-13 17:45:00.046000 set_bandwidth_job start at  
2013-03-13 17:45:00,046 INFO  请异步发送 
2013-03-13 18:00:00,015 INFO   [x] Requesting 
2013-03-13 18:00:00,015 INFO 2013-03-13 18:00:00.015000 set_bandwidth_job start at  
2013-03-13 18:00:00,015 INFO  请异步发送 
2013-03-13 18:15:00,015 INFO   [x] Requesting 
2013-03-13 18:15:00,015 INFO 2013-03-13 18:15:00.015000 set_bandwidth_job start at  
2013-03-13 18:15:00,015 INFO  请异步发送 
2013-03-13 18:30:00,015 INFO   [x] Requesting 
2013-03-13 18:30:00,015 INFO 2013-03-13 18:30:00.015000 set_bandwidth_job start at  
2013-03-13 18:30:00,015 INFO  请异步发送 
2013-03-13 18:45:00,000 INFO   [x] Requesting 
2013-03-13 18:45:00,000 INFO 2013-03-13 18:45:00 set_bandwidth_job start at  
2013-03-13 18:45:00,000 INFO  请异步发送 
2013-03-13 19:00:00,000 INFO   [x] Requesting 
2013-03-13 19:00:00,000 INFO 2013-03-13 19:00:00 set_bandwidth_job start at  
2013-03-13 19:00:00,000 INFO  请异步发送 
2013-03-13 19:15:00,015 INFO   [x] Requesting 
2013-03-13 19:15:00,015 INFO 2013-03-13 19:15:00.015000 set_bandwidth_job start at  
2013-03-13 19:15:00,015 INFO  请异步发送 
2013-03-13 19:30:00,015 INFO   [x] Requesting 
2013-03-13 19:30:00,015 INFO 2013-03-13 19:30:00.015000 set_bandwidth_job start at  
2013-03-13 19:30:00,015 INFO  请异步发送 
2013-03-13 19:45:00,015 INFO   [x] Requesting 
2013-03-13 19:45:00,015 INFO 2013-03-13 19:45:00.015000 set_bandwidth_job start at  
2013-03-13 19:45:00,015 INFO  请异步发送 
2013-03-13 20:00:00,000 INFO   [x] Requesting 
2013-03-13 20:00:00,000 INFO 2013-03-13 20:00:00 set_bandwidth_job start at  
2013-03-13 20:00:00,000 INFO  请异步发送 
2013-03-13 20:15:00,000 INFO   [x] Requesting 
2013-03-13 20:15:00,000 INFO 2013-03-13 20:15:00 set_bandwidth_job start at  
2013-03-13 20:15:00,000 INFO  请异步发送 
2013-03-13 20:30:00,000 INFO   [x] Requesting 
2013-03-13 20:30:00,000 INFO 2013-03-13 20:30:00 set_bandwidth_job start at  
2013-03-13 20:30:00,000 INFO  请异步发送 
2013-03-13 20:45:00,000 INFO   [x] Requesting 
2013-03-13 20:45:00,000 INFO 2013-03-13 20:45:00 set_bandwidth_job start at  
2013-03-13 20:45:00,000 INFO  请异步发送 
2013-03-13 21:00:00,000 INFO   [x] Requesting 
2013-03-13 21:00:00,000 INFO 2013-03-13 21:00:00 set_bandwidth_job start at  
2013-03-13 21:00:00,000 INFO  请异步发送 
2013-03-13 21:15:00,000 INFO   [x] Requesting 
2013-03-13 21:15:00,000 INFO 2013-03-13 21:15:00 set_bandwidth_job start at  
2013-03-13 21:15:00,000 INFO  请异步发送 
2013-03-13 21:30:00,000 INFO   [x] Requesting 
2013-03-13 21:30:00,000 INFO 2013-03-13 21:30:00 set_bandwidth_job start at  
2013-03-13 21:30:00,000 INFO  请异步发送 
2013-03-13 21:45:00,000 INFO   [x] Requesting 
2013-03-13 21:45:00,000 INFO 2013-03-13 21:45:00 set_bandwidth_job start at  
2013-03-13 21:45:00,000 INFO  请异步发送 
2013-03-13 22:00:00,000 INFO   [x] Requesting 
2013-03-13 22:00:00,000 INFO 2013-03-13 22:00:00 set_bandwidth_job start at  
2013-03-13 22:00:00,000 INFO  请异步发送 
2013-03-13 22:15:00,000 INFO   [x] Requesting 
2013-03-13 22:15:00,000 INFO 2013-03-13 22:15:00 set_bandwidth_job start at  
2013-03-13 22:15:00,000 INFO  请异步发送 
2013-03-13 22:30:00,015 INFO   [x] Requesting 
2013-03-13 22:30:00,015 INFO 2013-03-13 22:30:00.015000 set_bandwidth_job start at  
2013-03-13 22:30:00,015 INFO  请异步发送 
2013-03-13 22:45:00,015 INFO   [x] Requesting 
2013-03-13 22:45:00,015 INFO 2013-03-13 22:45:00.015000 set_bandwidth_job start at  
2013-03-13 22:45:00,015 INFO  请异步发送 
2013-03-13 23:00:00,015 INFO   [x] Requesting 
2013-03-13 23:00:00,015 INFO 2013-03-13 23:00:00.015000 set_bandwidth_job start at  
2013-03-13 23:00:00,015 INFO  请异步发送 
2013-03-13 23:15:00,000 INFO   [x] Requesting 
2013-03-13 23:15:00,000 INFO 2013-03-13 23:15:00 set_bandwidth_job start at  
2013-03-13 23:15:00,015 INFO  请异步发送 
2013-03-13 23:30:00,015 INFO   [x] Requesting 
2013-03-13 23:30:00,015 INFO 2013-03-13 23:30:00.015000 set_bandwidth_job start at  
2013-03-13 23:30:00,015 INFO  请异步发送 
2013-03-13 23:45:00,000 INFO   [x] Requesting 
2013-03-13 23:45:00,015 INFO 2013-03-13 23:45:00.015000 set_bandwidth_job start at  
2013-03-13 23:45:00,015 INFO  请异步发送 
2013-03-14 00:00:00,030 INFO   [x] Requesting 
2013-03-14 00:00:00,030 INFO 2013-03-14 00:00:00.031000 set_bandwidth_job start at  
2013-03-14 00:00:00,030 INFO  请异步发送 
2013-03-14 00:15:00,015 INFO   [x] Requesting 
2013-03-14 00:15:00,015 INFO 2013-03-14 00:15:00.015000 set_bandwidth_job start at  
2013-03-14 00:15:00,015 INFO  请异步发送 
2013-03-14 00:30:00,015 INFO   [x] Requesting 
2013-03-14 00:30:00,015 INFO 2013-03-14 00:30:00.015000 set_bandwidth_job start at  
2013-03-14 00:30:00,015 INFO  请异步发送 
2013-03-14 00:45:00,000 INFO   [x] Requesting 
2013-03-14 00:45:00,000 INFO 2013-03-14 00:45:00 set_bandwidth_job start at  
2013-03-14 00:45:00,000 INFO  请异步发送 
2013-03-14 01:00:00,015 INFO   [x] Requesting 
2013-03-14 01:00:00,015 INFO 2013-03-14 01:00:00.015000 set_bandwidth_job start at  
2013-03-14 01:00:00,015 INFO  请异步发送 
2013-03-14 01:15:00,030 INFO   [x] Requesting 
2013-03-14 01:15:00,030 INFO 2013-03-14 01:15:00.031000 set_bandwidth_job start at  
2013-03-14 01:15:00,030 INFO  请异步发送 
2013-03-14 01:30:00,000 INFO   [x] Requesting 
2013-03-14 01:30:00,015 INFO 2013-03-14 01:30:00.015000 set_bandwidth_job start at  
2013-03-14 01:30:00,030 INFO  请异步发送 
2013-03-14 01:45:00,030 INFO   [x] Requesting 
2013-03-14 01:45:00,030 INFO 2013-03-14 01:45:00.031000 set_bandwidth_job start at  
2013-03-14 01:45:00,030 INFO  请异步发送 
2013-03-14 02:00:00,015 INFO   [x] Requesting 
2013-03-14 02:00:00,015 INFO 2013-03-14 02:00:00.015000 set_bandwidth_job start at  
2013-03-14 02:00:00,015 INFO  请异步发送 
2013-03-14 02:15:00,000 INFO   [x] Requesting 
2013-03-14 02:15:00,000 INFO 2013-03-14 02:15:00 set_bandwidth_job start at  
2013-03-14 02:15:00,000 INFO  请异步发送 
2013-03-14 02:30:00,000 INFO   [x] Requesting 
2013-03-14 02:30:00,000 INFO 2013-03-14 02:30:00 set_bandwidth_job start at  
2013-03-14 02:30:00,000 INFO  请异步发送 
2013-03-14 02:45:00,000 INFO   [x] Requesting 
2013-03-14 02:45:00,000 INFO 2013-03-14 02:45:00 set_bandwidth_job start at  
2013-03-14 02:45:00,000 INFO  请异步发送 
2013-03-14 03:00:00,000 INFO   [x] Requesting 
2013-03-14 03:00:00,000 INFO 2013-03-14 03:00:00 set_bandwidth_job start at  
2013-03-14 03:00:00,000 INFO  请异步发送 
2013-03-14 03:15:00,000 INFO   [x] Requesting 
2013-03-14 03:15:00,015 INFO 2013-03-14 03:15:00.015000 set_bandwidth_job start at  
2013-03-14 03:15:00,015 INFO  请异步发送 
2013-03-14 03:30:00,015 INFO   [x] Requesting 
2013-03-14 03:30:00,015 INFO 2013-03-14 03:30:00.015000 set_bandwidth_job start at  
2013-03-14 03:30:00,015 INFO  请异步发送 
2013-03-14 03:45:00,000 INFO   [x] Requesting 
2013-03-14 03:45:00,000 INFO 2013-03-14 03:45:00 set_bandwidth_job start at  
2013-03-14 03:45:00,000 INFO  请异步发送 
2013-03-14 04:00:00,015 INFO   [x] Requesting 
2013-03-14 04:00:00,015 INFO 2013-03-14 04:00:00.015000 set_bandwidth_job start at  
2013-03-14 04:00:00,015 INFO  请异步发送 
2013-03-14 04:15:00,000 INFO   [x] Requesting 
2013-03-14 04:15:00,000 INFO 2013-03-14 04:15:00 set_bandwidth_job start at  
2013-03-14 04:15:00,000 INFO  请异步发送 
2013-03-14 04:30:00,000 INFO   [x] Requesting 
2013-03-14 04:30:00,000 INFO 2013-03-14 04:30:00 set_bandwidth_job start at  
2013-03-14 04:30:00,000 INFO  请异步发送 
2013-03-14 04:45:00,000 INFO   [x] Requesting 
2013-03-14 04:45:00,000 INFO 2013-03-14 04:45:00 set_bandwidth_job start at  
2013-03-14 04:45:00,000 INFO  请异步发送 
2013-03-14 05:00:00,015 INFO   [x] Requesting 
2013-03-14 05:00:00,015 INFO 2013-03-14 05:00:00.015000 set_bandwidth_job start at  
2013-03-14 05:00:00,015 INFO  请异步发送 
2013-03-14 05:15:00,000 INFO   [x] Requesting 
2013-03-14 05:15:00,000 INFO 2013-03-14 05:15:00 set_bandwidth_job start at  
2013-03-14 05:15:00,000 INFO  请异步发送 
2013-03-14 05:30:00,000 INFO   [x] Requesting 
2013-03-14 05:30:00,000 INFO 2013-03-14 05:30:00 set_bandwidth_job start at  
2013-03-14 05:30:00,000 INFO  请异步发送 
2013-03-14 05:45:00,000 INFO   [x] Requesting 
2013-03-14 05:45:00,000 INFO 2013-03-14 05:45:00 set_bandwidth_job start at  
2013-03-14 05:45:00,000 INFO  请异步发送 
2013-03-14 06:00:00,000 INFO   [x] Requesting 
2013-03-14 06:00:00,000 INFO 2013-03-14 06:00:00 set_bandwidth_job start at  
2013-03-14 06:00:00,000 INFO  请异步发送 
2013-03-14 06:15:00,000 INFO   [x] Requesting 
2013-03-14 06:15:00,000 INFO 2013-03-14 06:15:00 set_bandwidth_job start at  
2013-03-14 06:15:00,000 INFO  请异步发送 
2013-03-14 06:30:00,000 INFO   [x] Requesting 
2013-03-14 06:30:00,000 INFO 2013-03-14 06:30:00 set_bandwidth_job start at  
2013-03-14 06:30:00,000 INFO  请异步发送 
2013-03-14 06:45:00,000 INFO   [x] Requesting 
2013-03-14 06:45:00,000 INFO 2013-03-14 06:45:00 set_bandwidth_job start at  
2013-03-14 06:45:00,000 INFO  请异步发送 
2013-03-14 07:00:00,000 INFO   [x] Requesting 
2013-03-14 07:00:00,000 INFO 2013-03-14 07:00:00 set_bandwidth_job start at  
2013-03-14 07:00:00,000 INFO  请异步发送 
2013-03-14 07:15:00,000 INFO   [x] Requesting 
2013-03-14 07:15:00,000 INFO 2013-03-14 07:15:00 set_bandwidth_job start at  
2013-03-14 07:15:00,000 INFO  请异步发送 
2013-03-14 07:30:00,015 INFO   [x] Requesting 
2013-03-14 07:30:00,015 INFO 2013-03-14 07:30:00.015000 set_bandwidth_job start at  
2013-03-14 07:30:00,015 INFO  请异步发送 
2013-03-14 07:45:00,015 INFO   [x] Requesting 
2013-03-14 07:45:00,015 INFO 2013-03-14 07:45:00.015000 set_bandwidth_job start at  
2013-03-14 07:45:00,015 INFO  请异步发送 
2013-03-14 08:00:00,000 INFO   [x] Requesting 
2013-03-14 08:00:00,000 INFO 2013-03-14 08:00:00 set_bandwidth_job start at  
2013-03-14 08:00:00,000 INFO  请异步发送 
2013-03-14 08:15:00,000 INFO   [x] Requesting 
2013-03-14 08:15:00,000 INFO 2013-03-14 08:15:00 set_bandwidth_job start at  
2013-03-14 08:15:00,000 INFO  请异步发送 
2013-03-14 08:30:00,000 INFO   [x] Requesting 
2013-03-14 08:30:00,000 INFO 2013-03-14 08:30:00 set_bandwidth_job start at  
2013-03-14 08:30:00,000 INFO  请异步发送 
2013-03-14 08:45:00,000 INFO   [x] Requesting 
2013-03-14 08:45:00,000 INFO 2013-03-14 08:45:00 set_bandwidth_job start at  
2013-03-14 08:45:00,000 INFO  请异步发送 
2013-03-14 09:00:00,000 INFO   [x] Requesting 
2013-03-14 09:00:00,000 INFO 2013-03-14 09:00:00 set_bandwidth_job start at  
2013-03-14 09:00:00,000 INFO  请异步发送 
2013-03-14 09:15:00,000 INFO   [x] Requesting 
2013-03-14 09:15:00,000 INFO 2013-03-14 09:15:00 set_bandwidth_job start at  
2013-03-14 09:15:00,000 INFO  请异步发送 
2013-03-14 09:30:00,000 INFO   [x] Requesting 
2013-03-14 09:30:00,000 INFO 2013-03-14 09:30:00 set_bandwidth_job start at  
2013-03-14 09:30:00,000 INFO  请异步发送 
2013-03-14 11:21:40,967 INFO  Ready and listening 
2013-03-14 11:30:00,108 INFO   [x] Requesting 
2013-03-14 11:30:00,108 INFO 2013-03-14 11:30:00.109000 set_bandwidth_job start at  
2013-03-14 11:30:00,108 INFO  请异步发送 
2013-03-14 11:36:05,562 INFO  Ready and listening 
2013-03-14 11:36:19,078 INFO  Ready and listening 
2013-03-14 11:41:47,421 INFO  Ready and listening 
2013-03-14 11:42:04,983 INFO  Ready and listening 
2013-03-14 11:43:07,187 INFO  Ready and listening 
2013-03-14 11:43:14,578 INFO  Ready and listening 
2013-03-14 11:43:35,921 INFO  Ready and listening 
2013-03-14 11:45:00,030 INFO   [x] Requesting 
2013-03-14 11:45:00,030 INFO 2013-03-14 11:45:00.031000 set_bandwidth_job start at  
2013-03-14 11:45:00,030 INFO  请异步发送 
2013-03-14 12:00:07,092 INFO  Ready and listening 
2013-03-14 12:15:00,030 INFO   [x] Requesting 
2013-03-14 12:15:00,030 INFO 2013-03-14 12:15:00.031000 set_bandwidth_job start at  
2013-03-14 12:15:00,030 INFO  请异步发送 
2013-03-14 12:30:00,000 INFO   [x] Requesting 
2013-03-14 12:30:00,000 INFO 2013-03-14 12:30:00 set_bandwidth_job start at  
2013-03-14 12:30:00,000 INFO  请异步发送 
2013-03-14 12:45:00,015 INFO   [x] Requesting 
2013-03-14 12:45:00,015 INFO 2013-03-14 12:45:00.015000 set_bandwidth_job start at  
2013-03-14 12:45:00,015 INFO  请异步发送 
